2025-02-13 20:25:45 - INFO [background-preinit] o.h.validator.internal.util.Version - HV000001: Hibernate Validator 8.0.2.Final
2025-02-13 20:25:45 - INFO [main] c.e.d.ReceiptProcessorApplicationTests - Starting ReceiptProcessorApplicationTests using Java 23.0.2 with PID 11467 (started by shivakumar in /Users/shivakumar/Documents/receipt_processor)
2025-02-13 20:25:45 - DEBUG [main] c.e.d.ReceiptProcessorApplicationTests - Running with Spring Boot v3.4.2, Spring v6.2.2
2025-02-13 20:25:45 - INFO [main] c.e.d.ReceiptProcessorApplicationTests - No active profile set, falling back to 1 default profile: "default"
2025-02-13 20:25:46 - INFO [main] o.s.b.a.e.web.EndpointLinksResolver - Exposing 15 endpoints beneath base path '/actuator'
2025-02-13 20:25:46 - INFO [main] c.e.d.ReceiptProcessorApplicationTests - Started ReceiptProcessorApplicationTests in 1.643 seconds (process running for 2.127)
2025-02-13 20:26:01 - INFO [background-preinit] o.h.validator.internal.util.Version - HV000001: Hibernate Validator 8.0.2.Final
2025-02-13 20:26:01 - INFO [main] c.e.demo.ReceiptProcessorApplication - Starting ReceiptProcessorApplication using Java 23.0.2 with PID 11738 (/Users/shivakumar/Documents/receipt_processor/target/classes started by shivakumar in /Users/shivakumar/Documents/receipt_processor)
2025-02-13 20:26:01 - DEBUG [main] c.e.demo.ReceiptProcessorApplication - Running with Spring Boot v3.4.2, Spring v6.2.2
2025-02-13 20:26:01 - INFO [main] c.e.demo.ReceiptProcessorApplication - No active profile set, falling back to 1 default profile: "default"
2025-02-13 20:26:01 - INFO [main] o.s.b.w.e.tomcat.TomcatWebServer - Tomcat initialized with port 8080 (http)
2025-02-13 20:26:01 - INFO [main] o.a.coyote.http11.Http11NioProtocol - Initializing ProtocolHandler ["http-nio-8080"]
2025-02-13 20:26:01 - INFO [main] o.a.catalina.core.StandardService - Starting service [Tomcat]
2025-02-13 20:26:01 - INFO [main] o.a.catalina.core.StandardEngine - Starting Servlet engine: [Apache Tomcat/10.1.34]
2025-02-13 20:26:02 - INFO [main] o.a.c.c.C.[Tomcat].[localhost].[/] - Initializing Spring embedded WebApplicationContext
2025-02-13 20:26:02 - INFO [main] o.s.b.w.s.c.ServletWebServerApplicationContext - Root WebApplicationContext: initialization completed in 749 ms
2025-02-13 20:26:02 - INFO [main] o.s.b.a.e.web.EndpointLinksResolver - Exposing 15 endpoints beneath base path '/actuator'
2025-02-13 20:26:02 - INFO [main] o.a.coyote.http11.Http11NioProtocol - Starting ProtocolHandler ["http-nio-8080"]
2025-02-13 20:26:02 - INFO [main] o.s.b.w.e.tomcat.TomcatWebServer - Tomcat started on port 8080 (http) with context path '/'
2025-02-13 20:26:02 - INFO [main] c.e.demo.ReceiptProcessorApplication - Started ReceiptProcessorApplication in 1.553 seconds (process running for 1.717)
2025-02-13 20:27:18 - INFO [http-nio-8080-exec-1] o.a.c.c.C.[Tomcat].[localhost].[/] - Initializing Spring DispatcherServlet 'dispatcherServlet'
2025-02-13 20:27:18 - INFO [http-nio-8080-exec-1] o.s.web.servlet.DispatcherServlet - Initializing Servlet 'dispatcherServlet'
2025-02-13 20:27:18 - INFO [http-nio-8080-exec-1] o.s.web.servlet.DispatcherServlet - Completed initialization in 3 ms
2025-02-13 20:27:19 - INFO [http-nio-8080-exec-1] c.e.d.controller.ReceiptController - Processing receipt for retailer: Best Buy
2025-02-13 20:27:19 - INFO [http-nio-8080-exec-1] c.e.demo.service.ReceiptService - Processing receipt for retailer: Best Buy
2025-02-13 20:27:19 - INFO [http-nio-8080-exec-1] c.e.d.repository.ReceiptRepository - Receipt saved with ID: 0c3fd7f8-6b53-43ae-ab23-ee1b3295c7e6
2025-02-13 20:27:19 - INFO [http-nio-8080-exec-1] c.e.demo.service.ReceiptService - Receipt saved successfully with ID: 0c3fd7f8-6b53-43ae-ab23-ee1b3295c7e6
2025-02-13 20:27:19 - DEBUG [http-nio-8080-exec-1] c.e.demo.service.ReceiptService - Starting points calculation for retailer: Best Buy
2025-02-13 20:27:19 - DEBUG [http-nio-8080-exec-1] c.e.demo.service.ReceiptService - Total points calculated for receipt: Best Buy -> 223
2025-02-13 20:27:19 - INFO [http-nio-8080-exec-1] c.e.demo.service.ReceiptService - Calculated 223 points for receipt ID: 0c3fd7f8-6b53-43ae-ab23-ee1b3295c7e6
2025-02-13 20:27:19 - INFO [http-nio-8080-exec-1] c.e.d.repository.ReceiptRepository - Points 223 saved for receipt ID: 0c3fd7f8-6b53-43ae-ab23-ee1b3295c7e6
2025-02-13 20:27:19 - INFO [http-nio-8080-exec-1] c.e.demo.service.ReceiptService - Points saved successfully for receipt ID: 0c3fd7f8-6b53-43ae-ab23-ee1b3295c7e6
2025-02-13 20:27:19 - INFO [http-nio-8080-exec-1] c.e.d.controller.ReceiptController - Receipt processed successfully with ID: 0c3fd7f8-6b53-43ae-ab23-ee1b3295c7e6
